#
# There is insufficient memory for the Java Runtime Environment to continue.
# Native memory allocation (malloc) failed to allocate 1048576 bytes for AllocateHeap
# Possible reasons:
#   The system is out of physical RAM or swap space
#   The process is running with CompressedOops enabled, and the Java Heap may be blocking the growth of the native heap
# Possible solutions:
#   Reduce memory load on the system
#   Increase physical memory or swap space
#   Check if swap backing store is full
#   Decrease Java heap size (-Xmx/-Xms)
#   Decrease number of Java threads
#   Decrease Java thread stack sizes (-Xss)
#   Set larger code cache with -XX:ReservedCodeCacheSize=
#   JVM is running with Zero Based Compressed Oops mode in which the Java heap is
#     placed in the first 32GB address space. The Java Heap base address is the
#     maximum limit for the native heap growth. Please use -XX:HeapBaseMinAddress
#     to set the Java Heap base and to place the Java Heap above 32GB virtual address.
# This output file may be truncated or incomplete.
#
#  Out of Memory Error (allocation.cpp:44), pid=20924, tid=32744
#
# JRE version:  (17.0.6) (build )
# Java VM: OpenJDK 64-Bit Server VM (17.0.6+0-b2043.56-9586694, mixed mode, sharing, tiered, compressed oops, compressed class ptrs, g1 gc, windows-amd64)
# No core dump will be written. Minidumps are not enabled by default on client versions of Windows
#

---------------  S U M M A R Y ------------

Command Line: org.jetbrains.kotlin.cli.jvm.K2JVMCompiler @C:\Users\escritorio.virtual26\Documents\Repos\SW-GR2-DELACRUZ-GUAYASAMIN-LUIS-MIGUEL\app\build\20240813_892390699343051928.compiler.options

Host: Intel(R) Xeon(R) CPU E5-2690 v3 @ 2.60GHz, 8 cores, 8G,  Windows 10 , 64 bit Build 18362 (10.0.18362.1350)
Time: Tue Aug 13 19:00:28 2024 Hora est. Pacífico, Sudamérica elapsed time: 0.089227 seconds (0d 0h 0m 0s)

---------------  T H R E A D  ---------------

Current thread (0x000001cdf506d830):  JavaThread "Unknown thread" [_thread_in_vm, id=32744, stack(0x0000008351100000,0x0000008351200000)]

Stack: [0x0000008351100000,0x0000008351200000]
Native frames: (J=compiled Java code, j=interpreted, Vv=VM code, C=native code)
V  [jvm.dll+0x683b4a]
V  [jvm.dll+0x842654]
V  [jvm.dll+0x843dfe]
V  [jvm.dll+0x844463]
V  [jvm.dll+0x249b75]
V  [jvm.dll+0xa641f]
V  [jvm.dll+0x2e8e27]
V  [jvm.dll+0x2e0b3b]
V  [jvm.dll+0x813f41]
V  [jvm.dll+0x36e6a1]
V  [jvm.dll+0x7f347c]
V  [jvm.dll+0x3f0e8f]
V  [jvm.dll+0x3f29d1]
C  [jli.dll+0x526b]
C  [ucrtbase.dll+0x210b2]
C  [KERNEL32.DLL+0x17c24]
C  [ntdll.dll+0x6d721]


---------------  P R O C E S S  ---------------

Threads class SMR info:
_java_thread_list=0x00007ffdfac6c058, length=0, elements={
}

Java Threads: ( => current thread )

Other Threads:
  0x000001cdf50b6ee0 GCTaskThread "GC Thread#0" [stack: 0x0000008351200000,0x0000008351300000] [id=3648]

[error occurred during error reporting (printing all threads), id 0xc0000005, EXCEPTION_ACCESS_VIOLATION (0xc0000005) at pc=0x00007ffdfa41dd70]

VM state: not at safepoint (not fully initialized)

VM Mutex/Monitor currently owned by a thread:  ([mutex/lock_event])
[0x000001cdf5069f60] Heap_lock - owner thread: 0x000001cdf506d830

Heap address: 0x0000000773600000, size: 2250 MB, Compressed Oops mode: Zero based, Oop shift amount: 3

CDS archive(s) mapped at: [0x0000000000000000-0x0000000000000000-0x0000000000000000), size 0, SharedBaseAddress: 0x0000000800000000, ArchiveRelocationMode: 0.
Narrow klass base: 0x0000000000000000, Narrow klass shift: 0, Narrow klass range: 0x0

GC Precious Log:
<Empty>

Heap:
 garbage-first heap   total 0K, used 0K [0x0000000773600000, 0x0000000800000000)
  region size 2048K, 0 young (0K), 0 survivors (0K)

[error occurred during error reporting (printing heap information), id 0xc0000005, EXCEPTION_ACCESS_VIOLATION (0xc0000005) at pc=0x00007ffdfa80d939]

GC Heap History (0 events):
No events

Dll operation events (1 events):
Event: 0.013 Loaded shared library C:\Program Files\Android\Android Studio\jbr\bin\java.dll

Deoptimization events (0 events):
No events

Classes unloaded (0 events):
No events

Classes redefined (0 events):
No events

Internal exceptions (0 events):
No events

VM Operations (0 events):
No events

Events (0 events):
No events


Dynamic libraries:
0x00007ff697b90000 - 0x00007ff697b9a000 	C:\Program Files\Android\Android Studio\jbr\bin\java.exe
0x00007ffe45e00000 - 0x00007ffe45ff0000 	C:\WINDOWS\SYSTEM32\ntdll.dll
0x00007ffe44870000 - 0x00007ffe44922000 	C:\WINDOWS\System32\KERNEL32.DLL
0x00007ffe432c0000 - 0x00007ffe43565000 	C:\WINDOWS\System32\KERNELBASE.dll
0x00007ffe43570000 - 0x00007ffe4366a000 	C:\WINDOWS\System32\ucrtbase.dll
0x00007ffe27ad0000 - 0x00007ffe27aeb000 	C:\Program Files\Android\Android Studio\jbr\bin\VCRUNTIME140.dll
0x00007ffe27ab0000 - 0x00007ffe27ac7000 	C:\Program Files\Android\Android Studio\jbr\bin\jli.dll
0x00007ffe44630000 - 0x00007ffe447c4000 	C:\WINDOWS\System32\USER32.dll
0x00007ffe40cc0000 - 0x00007ffe40f44000 	C:\WINDOWS\WinSxS\amd64_microsoft.windows.common-controls_6595b64144ccf1df_6.0.18362.1379_none_9e7ff3b3e45cc0c4\COMCTL32.dll
0x00007ffe42f30000 - 0x00007ffe42f51000 	C:\WINDOWS\System32\win32u.dll
0x00007ffe447d0000 - 0x00007ffe4486e000 	C:\WINDOWS\System32\msvcrt.dll
0x00007ffe445a0000 - 0x00007ffe445c6000 	C:\WINDOWS\System32\GDI32.dll
0x00007ffe45900000 - 0x00007ffe45c37000 	C:\WINDOWS\System32\combase.dll
0x00007ffe43120000 - 0x00007ffe432b8000 	C:\WINDOWS\System32\gdi32full.dll
0x00007ffe44da0000 - 0x00007ffe44ebf000 	C:\WINDOWS\System32\RPCRT4.dll
0x00007ffe42d80000 - 0x00007ffe42e1e000 	C:\WINDOWS\System32\msvcp_win.dll
0x00007ffe43df0000 - 0x00007ffe43e71000 	C:\WINDOWS\System32\bcryptPrimitives.dll
0x00007ffe44b90000 - 0x00007ffe44bbe000 	C:\WINDOWS\System32\IMM32.DLL
0x00007ffe42b50000 - 0x00007ffe42b83000 	C:\Program Files\Citrix\System32\MfApHook64.dll
0x00007ffe42a90000 - 0x00007ffe42aa2000 	C:\Program Files\Citrix\IcaService\FullScreenHook64.dll
0x00007ffe44450000 - 0x00007ffe444f3000 	C:\WINDOWS\System32\ADVAPI32.dll
0x00007ffe44500000 - 0x00007ffe44597000 	C:\WINDOWS\System32\sechost.dll
0x00007ffe429e0000 - 0x00007ffe42a86000 	C:\WINDOWS\SYSTEM32\MSVCP120.dll
0x00007ffe428f0000 - 0x00007ffe429df000 	C:\WINDOWS\SYSTEM32\MSVCR120.dll
0x00007ffe41f90000 - 0x00007ffe41fb8000 	C:\Program Files\Citrix\ICAService\ShellHook64.dll
0x00007ffe445d0000 - 0x00007ffe44622000 	C:\WINDOWS\System32\SHLWAPI.dll
0x00007ffe422a0000 - 0x00007ffe42391000 	C:\Program Files\Citrix\IcaService\SCardHook64.dll
0x00007ffe42280000 - 0x00007ffe4229b000 	C:\Program Files\Citrix\ICAService\cxinjime64.dll
0x00007ffe28030000 - 0x00007ffe2803c000 	C:\Program Files\Android\Android Studio\jbr\bin\vcruntime140_1.dll
0x00007ffe27170000 - 0x00007ffe271fd000 	C:\Program Files\Android\Android Studio\jbr\bin\msvcp140.dll
0x00007ffdfa130000 - 0x00007ffdfad9d000 	C:\Program Files\Android\Android Studio\jbr\bin\server\jvm.dll
0x00007ffe2baf0000 - 0x00007ffe2baf9000 	C:\WINDOWS\SYSTEM32\WSOCK32.dll
0x00007ffe42400000 - 0x00007ffe4240a000 	C:\WINDOWS\SYSTEM32\VERSION.dll
0x00007ffe44950000 - 0x00007ffe449bf000 	C:\WINDOWS\System32\WS2_32.dll
0x00007ffe3b6a0000 - 0x00007ffe3b6c4000 	C:\WINDOWS\SYSTEM32\WINMM.dll
0x00007ffe3add0000 - 0x00007ffe3adfd000 	C:\WINDOWS\SYSTEM32\winmmbase.dll
0x00007ffe430d0000 - 0x00007ffe4311a000 	C:\WINDOWS\System32\cfgmgr32.dll
0x00007ffe42ce0000 - 0x00007ffe42cf1000 	C:\WINDOWS\System32\kernel.appcore.dll
0x00007ffe3e6f0000 - 0x00007ffe3e6fa000 	C:\Program Files\Android\Android Studio\jbr\bin\jimage.dll
0x00007ffe406d0000 - 0x00007ffe408c4000 	C:\WINDOWS\SYSTEM32\DBGHELP.DLL
0x00007ffe3ac80000 - 0x00007ffe3acaa000 	C:\WINDOWS\SYSTEM32\dbgcore.DLL
0x00007ffe3c990000 - 0x00007ffe3c9b5000 	C:\Program Files\Android\Android Studio\jbr\bin\java.dll

dbghelp: loaded successfully - version: 4.0.5 - missing functions: none
symbol engine: initialized successfully - sym options: 0x614 - pdb path: .;C:\Program Files\Android\Android Studio\jbr\bin;C:\WINDOWS\SYSTEM32;C:\WINDOWS\WinSxS\amd64_microsoft.windows.common-controls_6595b64144ccf1df_6.0.18362.1379_none_9e7ff3b3e45cc0c4;C:\Program Files\Citrix\System32;C:\Program Files\Citrix\IcaService;C:\Program Files\Android\Android Studio\jbr\bin\server

VM Arguments:
java_command: org.jetbrains.kotlin.cli.jvm.K2JVMCompiler @C:\Users\escritorio.virtual26\Documents\Repos\SW-GR2-DELACRUZ-GUAYASAMIN-LUIS-MIGUEL\app\build\20240813_892390699343051928.compiler.options
java_class_path (initial): C:\Users\escritorio.virtual26\.gradle\caches\modules-2\files-2.1\org.jetbrains.kotlin\kotlin-compiler-embeddable\1.8.20\78d9baa57f65babf9e0a93e51f62f26f5f35ac3e\kotlin-compiler-embeddable-1.8.20.jar;C:\Users\escritorio.virtual26\.gradle\caches\modules-2\files-2.1\org.jetbrains.kotlin\kotlin-stdlib\1.8.20\e72fc5e03ec6c064c678a6bd0d955c88d55b0c4a\kotlin-stdlib-1.8.20.jar;C:\Users\escritorio.virtual26\.gradle\caches\modules-2\files-2.1\org.jetbrains.kotlin\kotlin-script-runtime\1.8.20\c850771e723701f9d63dbcf641429c0f29290074\kotlin-script-runtime-1.8.20.jar;C:\Users\escritorio.virtual26\.gradle\caches\modules-2\files-2.1\org.jetbrains.kotlin\kotlin-reflect\1.6.10\1cbe9c92c12a94eea200d23c2bbaedaf3daf5132\kotlin-reflect-1.6.10.jar;C:\Users\escritorio.virtual26\.gradle\caches\modules-2\files-2.1\org.jetbrains.kotlin\kotlin-daemon-embeddable\1.8.20\c1b808fbe5fee60bd0504a54778120ef40f383d4\kotlin-daemon-embeddable-1.8.20.jar;C:\Users\escritorio.virtual26\.gradle\caches\modules-2\files-2.1\org.jetbrains.intellij.deps\trove4j\1.0.20200330\3afb14d5f9ceb459d724e907a21145e8ff394f02\trove4j-1.0.20200330.jar;C:\Users\escritorio.virtual26\.gradle\caches\modules-2\files-2.1\net.java.dev.jna\jna\5.6.0\330f2244e9030119ab3030fc3fededc86713d9cc\jna-5.6.0.jar;C:\Users\escritorio.virtual26\.gradle\caches\modules-2\files-2.1\org.jetbrains.kotlin\kotlin-stdlib-common\1.8.20\5eddaaf234c8c49d03eebeb6a14feb7f90faca71\kotlin-stdlib-common-1.8.20.jar;C:\Users\escritorio.virtual26\.gradle\caches\modules-2\files-2.1\org.jetbrains\annotations\13.0\919f0dfe192fb4e063e7dacadee7f8bb9a2672a9\annotations-13.0.jar
Launcher Type: SUN_STANDARD

[Global flags]
     intx CICompilerCount                          = 4                                         {product} {ergonomic}
     uint ConcGCThreads                            = 2                                         {product} {ergonomic}
     uint G1ConcRefinementThreads                  = 8                                         {product} {ergonomic}
   size_t G1HeapRegionSize                         = 2097152                                   {product} {ergonomic}
    uintx GCDrainStackTargetSize                   = 64                                        {product} {ergonomic}
   size_t InitialHeapSize                          = 148897792                                 {product} {ergonomic}
   size_t MarkStackSize                            = 4194304                                   {product} {ergonomic}
   size_t MaxHeapSize                              = 2359296000                                {product} {ergonomic}
   size_t MinHeapDeltaBytes                        = 2097152                                   {product} {ergonomic}
   size_t MinHeapSize                              = 8388608                                   {product} {ergonomic}
    uintx NonNMethodCodeHeapSize                   = 5839372                                {pd product} {ergonomic}
    uintx NonProfiledCodeHeapSize                  = 122909434                              {pd product} {ergonomic}
    uintx ProfiledCodeHeapSize                     = 122909434                              {pd product} {ergonomic}
    uintx ReservedCodeCacheSize                    = 251658240                              {pd product} {ergonomic}
     bool SegmentedCodeCache                       = true                                      {product} {ergonomic}
   size_t SoftMaxHeapSize                          = 2359296000                             {manageable} {ergonomic}
     bool UseCompressedClassPointers               = true                           {product lp64_product} {ergonomic}
     bool UseCompressedOops                        = true                           {product lp64_product} {ergonomic}
     bool UseG1GC                                  = true                                      {product} {ergonomic}
     bool UseLargePagesIndividualAllocation        = false                                  {pd product} {ergonomic}

Logging:
Log output configuration:
 #0: stdout all=warning uptime,level,tags
 #1: stderr all=off uptime,level,tags

Environment Variables:
PATH=C:\Program Files (x86)\python\Scripts\;C:\Program Files (x86)\python\;C:\Program Files (x86)\Common Files\Oracle\Java\javapath;C:\WINDOWS\system32;C:\WINDOWS;C:\WINDOWS\System32\Wbem;C:\WINDOWS\System32\WindowsPowerShell\v1.0\;C:\WINDOWS\System32\OpenSSH\;C:\Program Files\Citrix\System32\;C:\Program Files\Citrix\ICAService\;C:\Program Files\Microsoft SQL Server\130\Tools\Binn\;C:\Program Files\Microsoft SQL Server\Client SDK\ODBC\170\Tools\Binn\;C:\Program Files\Microsoft SQL Server\Client SDK\ODBC\110\Tools\Binn\;C:\Program Files (x86)\Microsoft SQL Server\120\Tools\Binn\;C:\Program Files\Microsoft SQL Server\120\Tools\Binn\;C:\Program Files\Microsoft SQL Server\120\DTS\Binn\;C:\Program Files (x86)\Microsoft SQL Server\120\Tools\Binn\ManagementStudio\;C:\Program Files (x86)\Microsoft SQL Server\120\DTS\Binn\;C:\flutter\bin;C:\flutter;C:\Users\escritorio.virtual26\AppData\Local\Microsoft\WindowsApps;C:\Users\escritorio.virtual26\AppData\Local\Programs\Microsoft VS Code\bin;C:\Users\escritorio.virtual26\AppData\Local\Programs\Git\cmd
USERNAME=escritorio.virtual26
OS=Windows_NT
PROCESSOR_IDENTIFIER=Intel64 Family 6 Model 63 Stepping 2, GenuineIntel
TMP=C:\Users\ESCRIT~2.VIR\AppData\Local\Temp
TEMP=C:\Users\ESCRIT~2.VIR\AppData\Local\Temp



---------------  S Y S T E M  ---------------

OS:
 Windows 10 , 64 bit Build 18362 (10.0.18362.1350)
OS uptime: 55 days 2:14 hours
VMWare virtualization detected

CPU: total 8 (initial active 8) (4 cores per cpu, 1 threads per core) family 6 model 63 stepping 2 microcode 0x3d, cx8, cmov, fxsr, mmx, sse, sse2, sse3, ssse3, sse4.1, sse4.2, popcnt, lzcnt, tsc, tscinvbit, avx, avx2, aes, erms, clmul, bmi1, bmi2, fma, vzeroupper, clflush, hv

Memory: 4k page, system-wide physical 8999M (71M free)
TotalPageFile size 13431M (AvailPageFile size 4M)
current process WorkingSet (physical memory assigned to process): 11M, peak: 11M
current process commit charge ("private bytes"): 53M, peak: 54M

vm_info: OpenJDK 64-Bit Server VM (17.0.6+0-b2043.56-9586694) for windows-amd64 JRE (17.0.6+0-b2043.56-9586694), built on Feb  9 2023 20:06:20 by "androidbuild" with MS VC++ 16.10 / 16.11 (VS2019)

END.
